0 info it worked if it ends with ok
1 verbose cli [ 'C:\\Program Files (x86)\\nodejs\\\\node.exe',
1 verbose cli   'C:\\Program Files (x86)\\nodejs\\node_modules\\npm\\bin\\npm-cli.js',
1 verbose cli   'build',
1 verbose cli   'package.json' ]
2 info using npm@2.7.4
3 info using node@v0.12.2
4 verbose node symlink C:\Program Files (x86)\nodejs\\node.exe
5 info build C:\Users\Gun\Documents\GitHub\NieksShit\package.json
6 verbose stack Error: ENOENT, open 'C:\Users\Gun\Documents\GitHub\NieksShit\package.json\package.json'
6 verbose stack     at Error (native)
7 verbose cwd C:\Users\Gun\Documents\GitHub\NieksShit
8 error Windows_NT 6.3.9600
9 error argv "C:\\Program Files (x86)\\nodejs\\\\node.exe" "C:\\Program Files (x86)\\nodejs\\node_modules\\npm\\bin\\npm-cli.js" "build" "package.json"
10 error node v0.12.2
11 error npm  v2.7.4
12 error path C:\Users\Gun\Documents\GitHub\NieksShit\package.json\package.json
13 error code ENOENT
14 error errno -4058
15 error enoent ENOENT, open 'C:\Users\Gun\Documents\GitHub\NieksShit\package.json\package.json'
15 error enoent This is most likely not a problem with npm itself
15 error enoent and is related to npm not being able to find a file.
16 verbose exit [ -4058, true ]
